[2019-12-16 10:12:15] production.ERROR: exception 'PDOException' with message 'SQLSTATE[HY000] [1045] Access denied for user 'root'@'localhost' (using password: YES)' in D:\phpstudy_pro\WWW\qt\vendor\laravel\framework\src\Illuminate\Database\Connectors\Connector.php:55
Stack trace:
#0 D:\phpstudy_pro\WWW\qt\vendor\laravel\framework\src\Illuminate\Database\Connectors\Connector.php(55): PDO->__construct('mysql:host=loca...', 'root', 'jyysql342367!')
#1 D:\phpstudy_pro\WWW\qt\vendor\laravel\framework\src\Illuminate\Database\Connectors\MySqlConnector.php(22): Illuminate\Database\Connectors\Connector->createConnection('mysql:host=loca...', Array, Array)
#2 D:\phpstudy_pro\WWW\qt\bootstrap\cache\compiled.php(11469): Illuminate\Database\Connectors\MySqlConnector->connect(Array)
#3 D:\phpstudy_pro\WWW\qt\bootstrap\cache\compiled.php(11465): Illuminate\Database\Connectors\ConnectionFactory->createSingleConnection(Array)
#4 D:\phpstudy_pro\WWW\qt\bootstrap\cache\compiled.php(11380): Illuminate\Database\Connectors\ConnectionFactory->make(Array, 'mysql')
#5 D:\phpstudy_pro\WWW\qt\bootstrap\cache\compiled.php(11335): Illuminate\Database\DatabaseManager->makeConnection('mysql')
#6 D:\phpstudy_pro\WWW\qt\bootstrap\cache\compiled.php(11212): Illuminate\Database\DatabaseManager->connection(NULL)
#7 D:\phpstudy_pro\WWW\qt\bootstrap\cache\compiled.php(11199): Illuminate\Database\Eloquent\Model::resolveConnection(NULL)
#8 D:\phpstudy_pro\WWW\qt\bootstrap\cache\compiled.php(10646): Illuminate\Database\Eloquent\Model->getConnection()
#9 D:\phpstudy_pro\WWW\qt\bootstrap\cache\compiled.php(10623): Illuminate\Database\Eloquent\Model->newBaseQueryBuilder()
#10 D:\phpstudy_pro\WWW\qt\bootstrap\cache\compiled.php(10613): Illuminate\Database\Eloquent\Model->newQueryWithoutScopes()
#11 D:\phpstudy_pro\WWW\qt\bootstrap\cache\compiled.php(11296): Illuminate\Database\Eloquent\Model->newQuery()
#12 [internal function]: Illuminate\Database\Eloquent\Model->__call('where', Array)
#13 [internal function]: App\Ad->where('start_time', '<', 1576462334)
#14 D:\phpstudy_pro\WWW\qt\bootstrap\cache\compiled.php(11302): call_user_func_array(Array, Array)
#15 D:\phpstudy_pro\WWW\qt\app\Ad.php(39): Illuminate\Database\Eloquent\Model::__callStatic('where', Array)
#16 D:\phpstudy_pro\WWW\qt\app\Ad.php(39): App\Ad::where('start_time', '<', 1576462334)
#17 D:\phpstudy_pro\WWW\qt\app\Common\functions.php(43): App\Ad::get_ads(152, true)
#18 D:\phpstudy_pro\WWW\qt\vendor\laravel\framework\src\Illuminate\Cache\TaggedCache.php(174): {closure}()
#19 D:\phpstudy_pro\WWW\qt\app\Common\functions.php(45): Illuminate\Cache\TaggedCache->remember(152, 60, Object(Closure))
#20 D:\phpstudy_pro\WWW\qt\app\Providers\AppServiceProvider.php(24): ads(152, true)
#21 [internal function]: App\Providers\AppServiceProvider->boot()
#22 D:\phpstudy_pro\WWW\qt\bootstrap\cache\compiled.php(1193): call_user_func_array(Array, Array)
#23 D:\phpstudy_pro\WWW\qt\bootstrap\cache\compiled.php(1811): Illuminate\Container\Container->call(Array)
#24 D:\phpstudy_pro\WWW\qt\bootstrap\cache\compiled.php(1803): Illuminate\Foundation\Application->bootProvider(Object(App\Providers\AppServiceProvider))
#25 [internal function]: Illuminate\Foundation\Application->Illuminate\Foundation\{closure}(Object(App\Providers\AppServiceProvider), 14)
#26 D:\phpstudy_pro\WWW\qt\bootstrap\cache\compiled.php(1804): array_walk(Array, Object(Closure))
#27 D:\phpstudy_pro\WWW\qt\bootstrap\cache\compiled.php(2142): Illuminate\Foundation\Application->boot()
#28 D:\phpstudy_pro\WWW\qt\bootstrap\cache\compiled.php(1590): Illuminate\Foundation\Bootstrap\BootProviders->bootstrap(Object(Illuminate\Foundation\Application))
#29 D:\phpstudy_pro\WWW\qt\bootstrap\cache\compiled.php(2306): Illuminate\Foundation\Application->bootstrapWith(Array)
#30 D:\phpstudy_pro\WWW\qt\bootstrap\cache\compiled.php(2259): Illuminate\Foundation\Http\Kernel->bootstrap()
#31 D:\phpstudy_pro\WWW\qt\bootstrap\cache\compiled.php(2243): Illuminate\Foundation\Http\Kernel->sendRequestThroughRouter(Object(Illuminate\Http\Request))
#32 D:\phpstudy_pro\WWW\qt\public\index.php(59): Illuminate\Foundation\Http\Kernel->handle(Object(Illuminate\Http\Request))
#33 {main}  
[2019-12-16 10:12:15] production.ERROR: exception 'RuntimeException' with message 'No supported encrypter found. The cipher and / or key length are invalid.' in D:\phpstudy_pro\WWW\qt\bootstrap\cache\compiled.php:7064
Stack trace:
#0 D:\phpstudy_pro\WWW\qt\bootstrap\cache\compiled.php(1295): Illuminate\Encryption\EncryptionServiceProvider->Illuminate\Encryption\{closure}(Object(Illuminate\Foundation\Application), Array)
#1 D:\phpstudy_pro\WWW\qt\bootstrap\cache\compiled.php(1248): Illuminate\Container\Container->build(Object(Closure), Array)
#2 D:\phpstudy_pro\WWW\qt\bootstrap\cache\compiled.php(1786): Illuminate\Container\Container->make('encrypter', Array)
#3 D:\phpstudy_pro\WWW\qt\bootstrap\cache\compiled.php(1340): Illuminate\Foundation\Application->make('Illuminate\\Cont...')
#4 D:\phpstudy_pro\WWW\qt\bootstrap\cache\compiled.php(1324): Illuminate\Container\Container->resolveClass(Object(ReflectionParameter))
#5 D:\phpstudy_pro\WWW\qt\bootstrap\cache\compiled.php(1310): Illuminate\Container\Container->getDependencies(Array, Array)
#6 D:\phpstudy_pro\WWW\qt\bootstrap\cache\compiled.php(1248): Illuminate\Container\Container->build('App\\Http\\Middle...', Array)
#7 D:\phpstudy_pro\WWW\qt\bootstrap\cache\compiled.php(1786): Illuminate\Container\Container->make('App\\Http\\Middle...', Array)
#8 D:\phpstudy_pro\WWW\qt\bootstrap\cache\compiled.php(2267): Illuminate\Foundation\Application->make('App\\Http\\Middle...')
#9 D:\phpstudy_pro\WWW\qt\public\index.php(63): Illuminate\Foundation\Http\Kernel->terminate(Object(Illuminate\Http\Request), Object(Illuminate\Http\Response))
#10 {main}  
[2019-12-16 10:13:15] production.ERROR: exception 'PDOException' with message 'SQLSTATE[HY000] [1045] Access denied for user 'root'@'localhost' (using password: YES)' in D:\phpstudy_pro\WWW\qt\vendor\laravel\framework\src\Illuminate\Database\Connectors\Connector.php:55
Stack trace:
#0 D:\phpstudy_pro\WWW\qt\vendor\laravel\framework\src\Illuminate\Database\Connectors\Connector.php(55): PDO->__construct('mysql:host=loca...', 'root', 'root!')
#1 D:\phpstudy_pro\WWW\qt\vendor\laravel\framework\src\Illuminate\Database\Connectors\MySqlConnector.php(22): Illuminate\Database\Connectors\Connector->createConnection('mysql:host=loca...', Array, Array)
#2 D:\phpstudy_pro\WWW\qt\bootstrap\cache\compiled.php(11469): Illuminate\Database\Connectors\MySqlConnector->connect(Array)
#3 D:\phpstudy_pro\WWW\qt\bootstrap\cache\compiled.php(11465): Illuminate\Database\Connectors\ConnectionFactory->createSingleConnection(Array)
#4 D:\phpstudy_pro\WWW\qt\bootstrap\cache\compiled.php(11380): Illuminate\Database\Connectors\ConnectionFactory->make(Array, 'mysql')
#5 D:\phpstudy_pro\WWW\qt\bootstrap\cache\compiled.php(11335): Illuminate\Database\DatabaseManager->makeConnection('mysql')
#6 D:\phpstudy_pro\WWW\qt\bootstrap\cache\compiled.php(11212): Illuminate\Database\DatabaseManager->connection(NULL)
#7 D:\phpstudy_pro\WWW\qt\bootstrap\cache\compiled.php(11199): Illuminate\Database\Eloquent\Model::resolveConnection(NULL)
#8 D:\phpstudy_pro\WWW\qt\bootstrap\cache\compiled.php(10646): Illuminate\Database\Eloquent\Model->getConnection()
#9 D:\phpstudy_pro\WWW\qt\bootstrap\cache\compiled.php(10623): Illuminate\Database\Eloquent\Model->newBaseQueryBuilder()
#10 D:\phpstudy_pro\WWW\qt\bootstrap\cache\compiled.php(10613): Illuminate\Database\Eloquent\Model->newQueryWithoutScopes()
#11 D:\phpstudy_pro\WWW\qt\bootstrap\cache\compiled.php(11296): Illuminate\Database\Eloquent\Model->newQuery()
#12 [internal function]: Illuminate\Database\Eloquent\Model->__call('where', Array)
#13 [internal function]: App\Ad->where('start_time', '<', 1576462395)
#14 D:\phpstudy_pro\WWW\qt\bootstrap\cache\compiled.php(11302): call_user_func_array(Array, Array)
#15 D:\phpstudy_pro\WWW\qt\app\Ad.php(39): Illuminate\Database\Eloquent\Model::__callStatic('where', Array)
#16 D:\phpstudy_pro\WWW\qt\app\Ad.php(39): App\Ad::where('start_time', '<', 1576462395)
#17 D:\phpstudy_pro\WWW\qt\app\Common\functions.php(43): App\Ad::get_ads(152, true)
#18 D:\phpstudy_pro\WWW\qt\vendor\laravel\framework\src\Illuminate\Cache\TaggedCache.php(174): {closure}()
#19 D:\phpstudy_pro\WWW\qt\app\Common\functions.php(45): Illuminate\Cache\TaggedCache->remember(152, 60, Object(Closure))
#20 D:\phpstudy_pro\WWW\qt\app\Providers\AppServiceProvider.php(24): ads(152, true)
#21 [internal function]: App\Providers\AppServiceProvider->boot()
#22 D:\phpstudy_pro\WWW\qt\bootstrap\cache\compiled.php(1193): call_user_func_array(Array, Array)
#23 D:\phpstudy_pro\WWW\qt\bootstrap\cache\compiled.php(1811): Illuminate\Container\Container->call(Array)
#24 D:\phpstudy_pro\WWW\qt\bootstrap\cache\compiled.php(1803): Illuminate\Foundation\Application->bootProvider(Object(App\Providers\AppServiceProvider))
#25 [internal function]: Illuminate\Foundation\Application->Illuminate\Foundation\{closure}(Object(App\Providers\AppServiceProvider), 14)
#26 D:\phpstudy_pro\WWW\qt\bootstrap\cache\compiled.php(1804): array_walk(Array, Object(Closure))
#27 D:\phpstudy_pro\WWW\qt\bootstrap\cache\compiled.php(2142): Illuminate\Foundation\Application->boot()
#28 D:\phpstudy_pro\WWW\qt\bootstrap\cache\compiled.php(1590): Illuminate\Foundation\Bootstrap\BootProviders->bootstrap(Object(Illuminate\Foundation\Application))
#29 D:\phpstudy_pro\WWW\qt\bootstrap\cache\compiled.php(2306): Illuminate\Foundation\Application->bootstrapWith(Array)
#30 D:\phpstudy_pro\WWW\qt\bootstrap\cache\compiled.php(2259): Illuminate\Foundation\Http\Kernel->bootstrap()
#31 D:\phpstudy_pro\WWW\qt\bootstrap\cache\compiled.php(2243): Illuminate\Foundation\Http\Kernel->sendRequestThroughRouter(Object(Illuminate\Http\Request))
#32 D:\phpstudy_pro\WWW\qt\public\index.php(59): Illuminate\Foundation\Http\Kernel->handle(Object(Illuminate\Http\Request))
#33 {main}  
[2019-12-16 10:13:15] production.ERROR: exception 'RuntimeException' with message 'No supported encrypter found. The cipher and / or key length are invalid.' in D:\phpstudy_pro\WWW\qt\bootstrap\cache\compiled.php:7064
Stack trace:
#0 D:\phpstudy_pro\WWW\qt\bootstrap\cache\compiled.php(1295): Illuminate\Encryption\EncryptionServiceProvider->Illuminate\Encryption\{closure}(Object(Illuminate\Foundation\Application), Array)
#1 D:\phpstudy_pro\WWW\qt\bootstrap\cache\compiled.php(1248): Illuminate\Container\Container->build(Object(Closure), Array)
#2 D:\phpstudy_pro\WWW\qt\bootstrap\cache\compiled.php(1786): Illuminate\Container\Container->make('encrypter', Array)
#3 D:\phpstudy_pro\WWW\qt\bootstrap\cache\compiled.php(1340): Illuminate\Foundation\Application->make('Illuminate\\Cont...')
#4 D:\phpstudy_pro\WWW\qt\bootstrap\cache\compiled.php(1324): Illuminate\Container\Container->resolveClass(Object(ReflectionParameter))
#5 D:\phpstudy_pro\WWW\qt\bootstrap\cache\compiled.php(1310): Illuminate\Container\Container->getDependencies(Array, Array)
#6 D:\phpstudy_pro\WWW\qt\bootstrap\cache\compiled.php(1248): Illuminate\Container\Container->build('App\\Http\\Middle...', Array)
#7 D:\phpstudy_pro\WWW\qt\bootstrap\cache\compiled.php(1786): Illuminate\Container\Container->make('App\\Http\\Middle...', Array)
#8 D:\phpstudy_pro\WWW\qt\bootstrap\cache\compiled.php(2267): Illuminate\Foundation\Application->make('App\\Http\\Middle...')
#9 D:\phpstudy_pro\WWW\qt\public\index.php(63): Illuminate\Foundation\Http\Kernel->terminate(Object(Illuminate\Http\Request), Object(Illuminate\Http\Response))
#10 {main}  
[2019-12-16 10:13:24] production.ERROR: exception 'PDOException' with message 'SQLSTATE[HY000] [1045] Access denied for user 'root'@'localhost' (using password: YES)' in D:\phpstudy_pro\WWW\qt\vendor\laravel\framework\src\Illuminate\Database\Connectors\Connector.php:55
Stack trace:
#0 D:\phpstudy_pro\WWW\qt\vendor\laravel\framework\src\Illuminate\Database\Connectors\Connector.php(55): PDO->__construct('mysql:host=loca...', 'root', 'root!')
#1 D:\phpstudy_pro\WWW\qt\vendor\laravel\framework\src\Illuminate\Database\Connectors\MySqlConnector.php(22): Illuminate\Database\Connectors\Connector->createConnection('mysql:host=loca...', Array, Array)
#2 D:\phpstudy_pro\WWW\qt\bootstrap\cache\compiled.php(11469): Illuminate\Database\Connectors\MySqlConnector->connect(Array)
#3 D:\phpstudy_pro\WWW\qt\bootstrap\cache\compiled.php(11465): Illuminate\Database\Connectors\ConnectionFactory->createSingleConnection(Array)
#4 D:\phpstudy_pro\WWW\qt\bootstrap\cache\compiled.php(11380): Illuminate\Database\Connectors\ConnectionFactory->make(Array, 'mysql')
#5 D:\phpstudy_pro\WWW\qt\bootstrap\cache\compiled.php(11335): Illuminate\Database\DatabaseManager->makeConnection('mysql')
#6 D:\phpstudy_pro\WWW\qt\bootstrap\cache\compiled.php(11212): Illuminate\Database\DatabaseManager->connection(NULL)
#7 D:\phpstudy_pro\WWW\qt\bootstrap\cache\compiled.php(11199): Illuminate\Database\Eloquent\Model::resolveConnection(NULL)
#8 D:\phpstudy_pro\WWW\qt\bootstrap\cache\compiled.php(10646): Illuminate\Database\Eloquent\Model->getConnection()
#9 D:\phpstudy_pro\WWW\qt\bootstrap\cache\compiled.php(10623): Illuminate\Database\Eloquent\Model->newBaseQueryBuilder()
#10 D:\phpstudy_pro\WWW\qt\bootstrap\cache\compiled.php(10613): Illuminate\Database\Eloquent\Model->newQueryWithoutScopes()
#11 D:\phpstudy_pro\WWW\qt\bootstrap\cache\compiled.php(11296): Illuminate\Database\Eloquent\Model->newQuery()
#12 [internal function]: Illuminate\Database\Eloquent\Model->__call('where', Array)
#13 [internal function]: App\Ad->where('start_time', '<', 1576462404)
#14 D:\phpstudy_pro\WWW\qt\bootstrap\cache\compiled.php(11302): call_user_func_array(Array, Array)
#15 D:\phpstudy_pro\WWW\qt\app\Ad.php(39): Illuminate\Database\Eloquent\Model::__callStatic('where', Array)
#16 D:\phpstudy_pro\WWW\qt\app\Ad.php(39): App\Ad::where('start_time', '<', 1576462404)
#17 D:\phpstudy_pro\WWW\qt\app\Common\functions.php(43): App\Ad::get_ads(152, true)
#18 D:\phpstudy_pro\WWW\qt\vendor\laravel\framework\src\Illuminate\Cache\TaggedCache.php(174): {closure}()
#19 D:\phpstudy_pro\WWW\qt\app\Common\functions.php(45): Illuminate\Cache\TaggedCache->remember(152, 60, Object(Closure))
#20 D:\phpstudy_pro\WWW\qt\app\Providers\AppServiceProvider.php(24): ads(152, true)
#21 [internal function]: App\Providers\AppServiceProvider->boot()
#22 D:\phpstudy_pro\WWW\qt\bootstrap\cache\compiled.php(1193): call_user_func_array(Array, Array)
#23 D:\phpstudy_pro\WWW\qt\bootstrap\cache\compiled.php(1811): Illuminate\Container\Container->call(Array)
#24 D:\phpstudy_pro\WWW\qt\bootstrap\cache\compiled.php(1803): Illuminate\Foundation\Application->bootProvider(Object(App\Providers\AppServiceProvider))
#25 [internal function]: Illuminate\Foundation\Application->Illuminate\Foundation\{closure}(Object(App\Providers\AppServiceProvider), 14)
#26 D:\phpstudy_pro\WWW\qt\bootstrap\cache\compiled.php(1804): array_walk(Array, Object(Closure))
#27 D:\phpstudy_pro\WWW\qt\bootstrap\cache\compiled.php(2142): Illuminate\Foundation\Application->boot()
#28 D:\phpstudy_pro\WWW\qt\bootstrap\cache\compiled.php(1590): Illuminate\Foundation\Bootstrap\BootProviders->bootstrap(Object(Illuminate\Foundation\Application))
#29 D:\phpstudy_pro\WWW\qt\bootstrap\cache\compiled.php(2306): Illuminate\Foundation\Application->bootstrapWith(Array)
#30 D:\phpstudy_pro\WWW\qt\bootstrap\cache\compiled.php(2259): Illuminate\Foundation\Http\Kernel->bootstrap()
#31 D:\phpstudy_pro\WWW\qt\bootstrap\cache\compiled.php(2243): Illuminate\Foundation\Http\Kernel->sendRequestThroughRouter(Object(Illuminate\Http\Request))
#32 D:\phpstudy_pro\WWW\qt\public\index.php(59): Illuminate\Foundation\Http\Kernel->handle(Object(Illuminate\Http\Request))
#33 {main}  
[2019-12-16 10:13:24] production.ERROR: exception 'RuntimeException' with message 'No supported encrypter found. The cipher and / or key length are invalid.' in D:\phpstudy_pro\WWW\qt\bootstrap\cache\compiled.php:7064
Stack trace:
#0 D:\phpstudy_pro\WWW\qt\bootstrap\cache\compiled.php(1295): Illuminate\Encryption\EncryptionServiceProvider->Illuminate\Encryption\{closure}(Object(Illuminate\Foundation\Application), Array)
#1 D:\phpstudy_pro\WWW\qt\bootstrap\cache\compiled.php(1248): Illuminate\Container\Container->build(Object(Closure), Array)
#2 D:\phpstudy_pro\WWW\qt\bootstrap\cache\compiled.php(1786): Illuminate\Container\Container->make('encrypter', Array)
#3 D:\phpstudy_pro\WWW\qt\bootstrap\cache\compiled.php(1340): Illuminate\Foundation\Application->make('Illuminate\\Cont...')
#4 D:\phpstudy_pro\WWW\qt\bootstrap\cache\compiled.php(1324): Illuminate\Container\Container->resolveClass(Object(ReflectionParameter))
#5 D:\phpstudy_pro\WWW\qt\bootstrap\cache\compiled.php(1310): Illuminate\Container\Container->getDependencies(Array, Array)
#6 D:\phpstudy_pro\WWW\qt\bootstrap\cache\compiled.php(1248): Illuminate\Container\Container->build('App\\Http\\Middle...', Array)
#7 D:\phpstudy_pro\WWW\qt\bootstrap\cache\compiled.php(1786): Illuminate\Container\Container->make('App\\Http\\Middle...', Array)
#8 D:\phpstudy_pro\WWW\qt\bootstrap\cache\compiled.php(2267): Illuminate\Foundation\Application->make('App\\Http\\Middle...')
#9 D:\phpstudy_pro\WWW\qt\public\index.php(63): Illuminate\Foundation\Http\Kernel->terminate(Object(Illuminate\Http\Request), Object(Illuminate\Http\Response))
#10 {main}  
[2019-12-16 10:13:30] production.ERROR: exception 'PDOException' with message 'SQLSTATE[HY000] [1049] Unknown database 'jy'' in D:\phpstudy_pro\WWW\qt\vendor\laravel\framework\src\Illuminate\Database\Connectors\Connector.php:55
Stack trace:
#0 D:\phpstudy_pro\WWW\qt\vendor\laravel\framework\src\Illuminate\Database\Connectors\Connector.php(55): PDO->__construct('mysql:host=loca...', 'root', 'root')
#1 D:\phpstudy_pro\WWW\qt\vendor\laravel\framework\src\Illuminate\Database\Connectors\MySqlConnector.php(22): Illuminate\Database\Connectors\Connector->createConnection('mysql:host=loca...', Array, Array)
#2 D:\phpstudy_pro\WWW\qt\bootstrap\cache\compiled.php(11469): Illuminate\Database\Connectors\MySqlConnector->connect(Array)
#3 D:\phpstudy_pro\WWW\qt\bootstrap\cache\compiled.php(11465): Illuminate\Database\Connectors\ConnectionFactory->createSingleConnection(Array)
#4 D:\phpstudy_pro\WWW\qt\bootstrap\cache\compiled.php(11380): Illuminate\Database\Connectors\ConnectionFactory->make(Array, 'mysql')
#5 D:\phpstudy_pro\WWW\qt\bootstrap\cache\compiled.php(11335): Illuminate\Database\DatabaseManager->makeConnection('mysql')
#6 D:\phpstudy_pro\WWW\qt\bootstrap\cache\compiled.php(11212): Illuminate\Database\DatabaseManager->connection(NULL)
#7 D:\phpstudy_pro\WWW\qt\bootstrap\cache\compiled.php(11199): Illuminate\Database\Eloquent\Model::resolveConnection(NULL)
#8 D:\phpstudy_pro\WWW\qt\bootstrap\cache\compiled.php(10646): Illuminate\Database\Eloquent\Model->getConnection()
#9 D:\phpstudy_pro\WWW\qt\bootstrap\cache\compiled.php(10623): Illuminate\Database\Eloquent\Model->newBaseQueryBuilder()
#10 D:\phpstudy_pro\WWW\qt\bootstrap\cache\compiled.php(10613): Illuminate\Database\Eloquent\Model->newQueryWithoutScopes()
#11 D:\phpstudy_pro\WWW\qt\bootstrap\cache\compiled.php(11296): Illuminate\Database\Eloquent\Model->newQuery()
#12 [internal function]: Illuminate\Database\Eloquent\Model->__call('where', Array)
#13 [internal function]: App\Ad->where('start_time', '<', 1576462410)
#14 D:\phpstudy_pro\WWW\qt\bootstrap\cache\compiled.php(11302): call_user_func_array(Array, Array)
#15 D:\phpstudy_pro\WWW\qt\app\Ad.php(39): Illuminate\Database\Eloquent\Model::__callStatic('where', Array)
#16 D:\phpstudy_pro\WWW\qt\app\Ad.php(39): App\Ad::where('start_time', '<', 1576462410)
#17 D:\phpstudy_pro\WWW\qt\app\Common\functions.php(43): App\Ad::get_ads(152, true)
#18 D:\phpstudy_pro\WWW\qt\vendor\laravel\framework\src\Illuminate\Cache\TaggedCache.php(174): {closure}()
#19 D:\phpstudy_pro\WWW\qt\app\Common\functions.php(45): Illuminate\Cache\TaggedCache->remember(152, 60, Object(Closure))
#20 D:\phpstudy_pro\WWW\qt\app\Providers\AppServiceProvider.php(24): ads(152, true)
#21 [internal function]: App\Providers\AppServiceProvider->boot()
#22 D:\phpstudy_pro\WWW\qt\bootstrap\cache\compiled.php(1193): call_user_func_array(Array, Array)
#23 D:\phpstudy_pro\WWW\qt\bootstrap\cache\compiled.php(1811): Illuminate\Container\Container->call(Array)
#24 D:\phpstudy_pro\WWW\qt\bootstrap\cache\compiled.php(1803): Illuminate\Foundation\Application->bootProvider(Object(App\Providers\AppServiceProvider))
#25 [internal function]: Illuminate\Foundation\Application->Illuminate\Foundation\{closure}(Object(App\Providers\AppServiceProvider), 14)
#26 D:\phpstudy_pro\WWW\qt\bootstrap\cache\compiled.php(1804): array_walk(Array, Object(Closure))
#27 D:\phpstudy_pro\WWW\qt\bootstrap\cache\compiled.php(2142): Illuminate\Foundation\Application->boot()
#28 D:\phpstudy_pro\WWW\qt\bootstrap\cache\compiled.php(1590): Illuminate\Foundation\Bootstrap\BootProviders->bootstrap(Object(Illuminate\Foundation\Application))
#29 D:\phpstudy_pro\WWW\qt\bootstrap\cache\compiled.php(2306): Illuminate\Foundation\Application->bootstrapWith(Array)
#30 D:\phpstudy_pro\WWW\qt\bootstrap\cache\compiled.php(2259): Illuminate\Foundation\Http\Kernel->bootstrap()
#31 D:\phpstudy_pro\WWW\qt\bootstrap\cache\compiled.php(2243): Illuminate\Foundation\Http\Kernel->sendRequestThroughRouter(Object(Illuminate\Http\Request))
#32 D:\phpstudy_pro\WWW\qt\public\index.php(59): Illuminate\Foundation\Http\Kernel->handle(Object(Illuminate\Http\Request))
#33 {main}  
[2019-12-16 10:13:30] production.ERROR: exception 'RuntimeException' with message 'No supported encrypter found. The cipher and / or key length are invalid.' in D:\phpstudy_pro\WWW\qt\bootstrap\cache\compiled.php:7064
Stack trace:
#0 D:\phpstudy_pro\WWW\qt\bootstrap\cache\compiled.php(1295): Illuminate\Encryption\EncryptionServiceProvider->Illuminate\Encryption\{closure}(Object(Illuminate\Foundation\Application), Array)
#1 D:\phpstudy_pro\WWW\qt\bootstrap\cache\compiled.php(1248): Illuminate\Container\Container->build(Object(Closure), Array)
#2 D:\phpstudy_pro\WWW\qt\bootstrap\cache\compiled.php(1786): Illuminate\Container\Container->make('encrypter', Array)
#3 D:\phpstudy_pro\WWW\qt\bootstrap\cache\compiled.php(1340): Illuminate\Foundation\Application->make('Illuminate\\Cont...')
#4 D:\phpstudy_pro\WWW\qt\bootstrap\cache\compiled.php(1324): Illuminate\Container\Container->resolveClass(Object(ReflectionParameter))
#5 D:\phpstudy_pro\WWW\qt\bootstrap\cache\compiled.php(1310): Illuminate\Container\Container->getDependencies(Array, Array)
#6 D:\phpstudy_pro\WWW\qt\bootstrap\cache\compiled.php(1248): Illuminate\Container\Container->build('App\\Http\\Middle...', Array)
#7 D:\phpstudy_pro\WWW\qt\bootstrap\cache\compiled.php(1786): Illuminate\Container\Container->make('App\\Http\\Middle...', Array)
#8 D:\phpstudy_pro\WWW\qt\bootstrap\cache\compiled.php(2267): Illuminate\Foundation\Application->make('App\\Http\\Middle...')
#9 D:\phpstudy_pro\WWW\qt\public\index.php(63): Illuminate\Foundation\Http\Kernel->terminate(Object(Illuminate\Http\Request), Object(Illuminate\Http\Response))
#10 {main}  
