[2019-12-23 11:35:50] production.ERROR: exception 'Predis\Connection\ConnectionException' with message '由于目标计算机积极拒绝，无法连接。 [tcp://127.0.0.1:6379]' in D:\phpstudy_pro\WWW\qt\vendor\predis\predis\src\Connection\AbstractConnection.php:168
Stack trace:
#0 D:\phpstudy_pro\WWW\qt\vendor\predis\predis\src\Connection\StreamConnection.php(97): Predis\Connection\AbstractConnection->onConnectionError('\xD3\xC9\xD3\xDA\xC4\xBF\xB1\xEA\xBC\xC6\xCB\xE3\xBB\xFA\xBB...', 10061)
#1 D:\phpstudy_pro\WWW\qt\vendor\predis\predis\src\Connection\StreamConnection.php(58): Predis\Connection\StreamConnection->tcpStreamInitializer(Object(Predis\Connection\Parameters))
#2 D:\phpstudy_pro\WWW\qt\vendor\predis\predis\src\Connection\AbstractConnection.php(94): Predis\Connection\StreamConnection->createResource()
#3 D:\phpstudy_pro\WWW\qt\vendor\predis\predis\src\Connection\StreamConnection.php(158): Predis\Connection\AbstractConnection->connect()
#4 D:\phpstudy_pro\WWW\qt\vendor\predis\predis\src\Connection\AbstractConnection.php(193): Predis\Connection\StreamConnection->connect()
#5 D:\phpstudy_pro\WWW\qt\vendor\predis\predis\src\Connection\StreamConnection.php(184): Predis\Connection\AbstractConnection->getResource()
#6 D:\phpstudy_pro\WWW\qt\vendor\predis\predis\src\Connection\StreamConnection.php(290): Predis\Connection\StreamConnection->write('*2\r\n$3\r\nGET\r\n$2...')
#7 D:\phpstudy_pro\WWW\qt\vendor\predis\predis\src\Connection\AbstractConnection.php(123): Predis\Connection\StreamConnection->writeRequest(Object(Predis\Command\StringGet))
#8 D:\phpstudy_pro\WWW\qt\vendor\predis\predis\src\Client.php(326): Predis\Connection\AbstractConnection->executeCommand(Object(Predis\Command\StringGet))
#9 D:\phpstudy_pro\WWW\qt\vendor\predis\predis\src\Client.php(310): Predis\Client->executeCommand(Object(Predis\Command\StringGet))
#10 D:\phpstudy_pro\WWW\qt\vendor\laravel\framework\src\Illuminate\Cache\RedisStore.php(54): Predis\Client->__call('get', Array)
#11 D:\phpstudy_pro\WWW\qt\vendor\laravel\framework\src\Illuminate\Cache\RedisStore.php(54): Predis\Client->get('laravel:tag:sho...')
#12 D:\phpstudy_pro\WWW\qt\vendor\laravel\framework\src\Illuminate\Cache\TagSet.php(54): Illuminate\Cache\RedisStore->get('tag:shop:key')
#13 [internal function]: Illuminate\Cache\TagSet->tagId('shop')
#14 D:\phpstudy_pro\WWW\qt\vendor\laravel\framework\src\Illuminate\Cache\TagSet.php(64): array_map(Array, Array)
#15 D:\phpstudy_pro\WWW\qt\vendor\laravel\framework\src\Illuminate\Cache\TagSet.php(74): Illuminate\Cache\TagSet->tagIds()
#16 D:\phpstudy_pro\WWW\qt\vendor\laravel\framework\src\Illuminate\Cache\TaggedCache.php(220): Illuminate\Cache\TagSet->getNamespace()
#17 D:\phpstudy_pro\WWW\qt\vendor\laravel\framework\src\Illuminate\Cache\TaggedCache.php(59): Illuminate\Cache\TaggedCache->taggedItemKey(152)
#18 D:\phpstudy_pro\WWW\qt\vendor\laravel\framework\src\Illuminate\Cache\TaggedCache.php(170): Illuminate\Cache\TaggedCache->get(152)
#19 D:\phpstudy_pro\WWW\qt\app\Common\functions.php(45): Illuminate\Cache\TaggedCache->remember(152, 60, Object(Closure))
#20 D:\phpstudy_pro\WWW\qt\app\Providers\AppServiceProvider.php(24): ads(152, true)
#21 [internal function]: App\Providers\AppServiceProvider->boot()
#22 D:\phpstudy_pro\WWW\qt\bootstrap\cache\compiled.php(1193): call_user_func_array(Array, Array)
#23 D:\phpstudy_pro\WWW\qt\bootstrap\cache\compiled.php(1811): Illuminate\Container\Container->call(Array)
#24 D:\phpstudy_pro\WWW\qt\bootstrap\cache\compiled.php(1803): Illuminate\Foundation\Application->bootProvider(Object(App\Providers\AppServiceProvider))
#25 [internal function]: Illuminate\Foundation\Application->Illuminate\Foundation\{closure}(Object(App\Providers\AppServiceProvider), 14)
#26 D:\phpstudy_pro\WWW\qt\bootstrap\cache\compiled.php(1804): array_walk(Array, Object(Closure))
#27 D:\phpstudy_pro\WWW\qt\bootstrap\cache\compiled.php(2142): Illuminate\Foundation\Application->boot()
#28 D:\phpstudy_pro\WWW\qt\bootstrap\cache\compiled.php(1590): Illuminate\Foundation\Bootstrap\BootProviders->bootstrap(Object(Illuminate\Foundation\Application))
#29 D:\phpstudy_pro\WWW\qt\bootstrap\cache\compiled.php(2306): Illuminate\Foundation\Application->bootstrapWith(Array)
#30 D:\phpstudy_pro\WWW\qt\bootstrap\cache\compiled.php(2259): Illuminate\Foundation\Http\Kernel->bootstrap()
#31 D:\phpstudy_pro\WWW\qt\bootstrap\cache\compiled.php(2243): Illuminate\Foundation\Http\Kernel->sendRequestThroughRouter(Object(Illuminate\Http\Request))
#32 D:\phpstudy_pro\WWW\qt\public\index.php(59): Illuminate\Foundation\Http\Kernel->handle(Object(Illuminate\Http\Request))
#33 {main}  
[2019-12-23 11:35:50] production.ERROR: exception 'RuntimeException' with message 'No supported encrypter found. The cipher and / or key length are invalid.' in D:\phpstudy_pro\WWW\qt\bootstrap\cache\compiled.php:7064
Stack trace:
#0 D:\phpstudy_pro\WWW\qt\bootstrap\cache\compiled.php(1295): Illuminate\Encryption\EncryptionServiceProvider->Illuminate\Encryption\{closure}(Object(Illuminate\Foundation\Application), Array)
#1 D:\phpstudy_pro\WWW\qt\bootstrap\cache\compiled.php(1248): Illuminate\Container\Container->build(Object(Closure), Array)
#2 D:\phpstudy_pro\WWW\qt\bootstrap\cache\compiled.php(1786): Illuminate\Container\Container->make('encrypter', Array)
#3 D:\phpstudy_pro\WWW\qt\bootstrap\cache\compiled.php(1340): Illuminate\Foundation\Application->make('Illuminate\\Cont...')
#4 D:\phpstudy_pro\WWW\qt\bootstrap\cache\compiled.php(1324): Illuminate\Container\Container->resolveClass(Object(ReflectionParameter))
#5 D:\phpstudy_pro\WWW\qt\bootstrap\cache\compiled.php(1310): Illuminate\Container\Container->getDependencies(Array, Array)
#6 D:\phpstudy_pro\WWW\qt\bootstrap\cache\compiled.php(1248): Illuminate\Container\Container->build('App\\Http\\Middle...', Array)
#7 D:\phpstudy_pro\WWW\qt\bootstrap\cache\compiled.php(1786): Illuminate\Container\Container->make('App\\Http\\Middle...', Array)
#8 D:\phpstudy_pro\WWW\qt\bootstrap\cache\compiled.php(2267): Illuminate\Foundation\Application->make('App\\Http\\Middle...')
#9 D:\phpstudy_pro\WWW\qt\public\index.php(63): Illuminate\Foundation\Http\Kernel->terminate(Object(Illuminate\Http\Request), Object(Illuminate\Http\Response))
#10 {main}  
[2019-12-23 11:35:51] production.ERROR: exception 'Predis\Connection\ConnectionException' with message '由于目标计算机积极拒绝，无法连接。 [tcp://127.0.0.1:6379]' in D:\phpstudy_pro\WWW\qt\vendor\predis\predis\src\Connection\AbstractConnection.php:168
Stack trace:
#0 D:\phpstudy_pro\WWW\qt\vendor\predis\predis\src\Connection\StreamConnection.php(97): Predis\Connection\AbstractConnection->onConnectionError('\xD3\xC9\xD3\xDA\xC4\xBF\xB1\xEA\xBC\xC6\xCB\xE3\xBB\xFA\xBB...', 10061)
#1 D:\phpstudy_pro\WWW\qt\vendor\predis\predis\src\Connection\StreamConnection.php(58): Predis\Connection\StreamConnection->tcpStreamInitializer(Object(Predis\Connection\Parameters))
#2 D:\phpstudy_pro\WWW\qt\vendor\predis\predis\src\Connection\AbstractConnection.php(94): Predis\Connection\StreamConnection->createResource()
#3 D:\phpstudy_pro\WWW\qt\vendor\predis\predis\src\Connection\StreamConnection.php(158): Predis\Connection\AbstractConnection->connect()
#4 D:\phpstudy_pro\WWW\qt\vendor\predis\predis\src\Connection\AbstractConnection.php(193): Predis\Connection\StreamConnection->connect()
#5 D:\phpstudy_pro\WWW\qt\vendor\predis\predis\src\Connection\StreamConnection.php(184): Predis\Connection\AbstractConnection->getResource()
#6 D:\phpstudy_pro\WWW\qt\vendor\predis\predis\src\Connection\StreamConnection.php(290): Predis\Connection\StreamConnection->write('*2\r\n$3\r\nGET\r\n$2...')
#7 D:\phpstudy_pro\WWW\qt\vendor\predis\predis\src\Connection\AbstractConnection.php(123): Predis\Connection\StreamConnection->writeRequest(Object(Predis\Command\StringGet))
#8 D:\phpstudy_pro\WWW\qt\vendor\predis\predis\src\Client.php(326): Predis\Connection\AbstractConnection->executeCommand(Object(Predis\Command\StringGet))
#9 D:\phpstudy_pro\WWW\qt\vendor\predis\predis\src\Client.php(310): Predis\Client->executeCommand(Object(Predis\Command\StringGet))
#10 D:\phpstudy_pro\WWW\qt\vendor\laravel\framework\src\Illuminate\Cache\RedisStore.php(54): Predis\Client->__call('get', Array)
#11 D:\phpstudy_pro\WWW\qt\vendor\laravel\framework\src\Illuminate\Cache\RedisStore.php(54): Predis\Client->get('laravel:tag:sho...')
#12 D:\phpstudy_pro\WWW\qt\vendor\laravel\framework\src\Illuminate\Cache\TagSet.php(54): Illuminate\Cache\RedisStore->get('tag:shop:key')
#13 [internal function]: Illuminate\Cache\TagSet->tagId('shop')
#14 D:\phpstudy_pro\WWW\qt\vendor\laravel\framework\src\Illuminate\Cache\TagSet.php(64): array_map(Array, Array)
#15 D:\phpstudy_pro\WWW\qt\vendor\laravel\framework\src\Illuminate\Cache\TagSet.php(74): Illuminate\Cache\TagSet->tagIds()
#16 D:\phpstudy_pro\WWW\qt\vendor\laravel\framework\src\Illuminate\Cache\TaggedCache.php(220): Illuminate\Cache\TagSet->getNamespace()
#17 D:\phpstudy_pro\WWW\qt\vendor\laravel\framework\src\Illuminate\Cache\TaggedCache.php(59): Illuminate\Cache\TaggedCache->taggedItemKey(152)
#18 D:\phpstudy_pro\WWW\qt\vendor\laravel\framework\src\Illuminate\Cache\TaggedCache.php(170): Illuminate\Cache\TaggedCache->get(152)
#19 D:\phpstudy_pro\WWW\qt\app\Common\functions.php(45): Illuminate\Cache\TaggedCache->remember(152, 60, Object(Closure))
#20 D:\phpstudy_pro\WWW\qt\app\Providers\AppServiceProvider.php(24): ads(152, true)
#21 [internal function]: App\Providers\AppServiceProvider->boot()
#22 D:\phpstudy_pro\WWW\qt\bootstrap\cache\compiled.php(1193): call_user_func_array(Array, Array)
#23 D:\phpstudy_pro\WWW\qt\bootstrap\cache\compiled.php(1811): Illuminate\Container\Container->call(Array)
#24 D:\phpstudy_pro\WWW\qt\bootstrap\cache\compiled.php(1803): Illuminate\Foundation\Application->bootProvider(Object(App\Providers\AppServiceProvider))
#25 [internal function]: Illuminate\Foundation\Application->Illuminate\Foundation\{closure}(Object(App\Providers\AppServiceProvider), 14)
#26 D:\phpstudy_pro\WWW\qt\bootstrap\cache\compiled.php(1804): array_walk(Array, Object(Closure))
#27 D:\phpstudy_pro\WWW\qt\bootstrap\cache\compiled.php(2142): Illuminate\Foundation\Application->boot()
#28 D:\phpstudy_pro\WWW\qt\bootstrap\cache\compiled.php(1590): Illuminate\Foundation\Bootstrap\BootProviders->bootstrap(Object(Illuminate\Foundation\Application))
#29 D:\phpstudy_pro\WWW\qt\bootstrap\cache\compiled.php(2306): Illuminate\Foundation\Application->bootstrapWith(Array)
#30 D:\phpstudy_pro\WWW\qt\bootstrap\cache\compiled.php(2259): Illuminate\Foundation\Http\Kernel->bootstrap()
#31 D:\phpstudy_pro\WWW\qt\bootstrap\cache\compiled.php(2243): Illuminate\Foundation\Http\Kernel->sendRequestThroughRouter(Object(Illuminate\Http\Request))
#32 D:\phpstudy_pro\WWW\qt\public\index.php(59): Illuminate\Foundation\Http\Kernel->handle(Object(Illuminate\Http\Request))
#33 {main}  
[2019-12-23 11:35:51] production.ERROR: exception 'RuntimeException' with message 'No supported encrypter found. The cipher and / or key length are invalid.' in D:\phpstudy_pro\WWW\qt\bootstrap\cache\compiled.php:7064
Stack trace:
#0 D:\phpstudy_pro\WWW\qt\bootstrap\cache\compiled.php(1295): Illuminate\Encryption\EncryptionServiceProvider->Illuminate\Encryption\{closure}(Object(Illuminate\Foundation\Application), Array)
#1 D:\phpstudy_pro\WWW\qt\bootstrap\cache\compiled.php(1248): Illuminate\Container\Container->build(Object(Closure), Array)
#2 D:\phpstudy_pro\WWW\qt\bootstrap\cache\compiled.php(1786): Illuminate\Container\Container->make('encrypter', Array)
#3 D:\phpstudy_pro\WWW\qt\bootstrap\cache\compiled.php(1340): Illuminate\Foundation\Application->make('Illuminate\\Cont...')
#4 D:\phpstudy_pro\WWW\qt\bootstrap\cache\compiled.php(1324): Illuminate\Container\Container->resolveClass(Object(ReflectionParameter))
#5 D:\phpstudy_pro\WWW\qt\bootstrap\cache\compiled.php(1310): Illuminate\Container\Container->getDependencies(Array, Array)
#6 D:\phpstudy_pro\WWW\qt\bootstrap\cache\compiled.php(1248): Illuminate\Container\Container->build('App\\Http\\Middle...', Array)
#7 D:\phpstudy_pro\WWW\qt\bootstrap\cache\compiled.php(1786): Illuminate\Container\Container->make('App\\Http\\Middle...', Array)
#8 D:\phpstudy_pro\WWW\qt\bootstrap\cache\compiled.php(2267): Illuminate\Foundation\Application->make('App\\Http\\Middle...')
#9 D:\phpstudy_pro\WWW\qt\public\index.php(63): Illuminate\Foundation\Http\Kernel->terminate(Object(Illuminate\Http\Request), Object(Illuminate\Http\Response))
#10 {main}  
[2019-12-23 11:36:06] production.ERROR: exception 'RuntimeException' with message 'No supported encrypter found. The cipher and / or key length are invalid.' in D:\phpstudy_pro\WWW\qt\bootstrap\cache\compiled.php:7064
Stack trace:
#0 D:\phpstudy_pro\WWW\qt\bootstrap\cache\compiled.php(1295): Illuminate\Encryption\EncryptionServiceProvider->Illuminate\Encryption\{closure}(Object(Illuminate\Foundation\Application), Array)
#1 D:\phpstudy_pro\WWW\qt\bootstrap\cache\compiled.php(1248): Illuminate\Container\Container->build(Object(Closure), Array)
#2 D:\phpstudy_pro\WWW\qt\bootstrap\cache\compiled.php(1786): Illuminate\Container\Container->make('encrypter', Array)
#3 D:\phpstudy_pro\WWW\qt\bootstrap\cache\compiled.php(1340): Illuminate\Foundation\Application->make('Illuminate\\Cont...')
#4 D:\phpstudy_pro\WWW\qt\bootstrap\cache\compiled.php(1324): Illuminate\Container\Container->resolveClass(Object(ReflectionParameter))
#5 D:\phpstudy_pro\WWW\qt\bootstrap\cache\compiled.php(1310): Illuminate\Container\Container->getDependencies(Array, Array)
#6 D:\phpstudy_pro\WWW\qt\bootstrap\cache\compiled.php(1248): Illuminate\Container\Container->build('App\\Http\\Middle...', Array)
#7 D:\phpstudy_pro\WWW\qt\bootstrap\cache\compiled.php(1786): Illuminate\Container\Container->make('App\\Http\\Middle...', Array)
#8 D:\phpstudy_pro\WWW\qt\bootstrap\cache\compiled.php(9621): Illuminate\Foundation\Application->make('App\\Http\\Middle...')
#9 [internal function]: Illuminate\Pipeline\Pipeline->Illuminate\Pipeline\{closure}(Object(Illuminate\Http\Request))
#10 D:\phpstudy_pro\WWW\qt\bootstrap\cache\compiled.php(9611): call_user_func(Object(Closure), Object(Illuminate\Http\Request))
#11 D:\phpstudy_pro\WWW\qt\bootstrap\cache\compiled.php(2260): Illuminate\Pipeline\Pipeline->then(Object(Closure))
#12 D:\phpstudy_pro\WWW\qt\bootstrap\cache\compiled.php(2243): Illuminate\Foundation\Http\Kernel->sendRequestThroughRouter(Object(Illuminate\Http\Request))
#13 D:\phpstudy_pro\WWW\qt\public\index.php(59): Illuminate\Foundation\Http\Kernel->handle(Object(Illuminate\Http\Request))
#14 {main}  
[2019-12-23 11:36:06] production.ERROR: exception 'RuntimeException' with message 'No supported encrypter found. The cipher and / or key length are invalid.' in D:\phpstudy_pro\WWW\qt\bootstrap\cache\compiled.php:7064
Stack trace:
#0 D:\phpstudy_pro\WWW\qt\bootstrap\cache\compiled.php(1295): Illuminate\Encryption\EncryptionServiceProvider->Illuminate\Encryption\{closure}(Object(Illuminate\Foundation\Application), Array)
#1 D:\phpstudy_pro\WWW\qt\bootstrap\cache\compiled.php(1248): Illuminate\Container\Container->build(Object(Closure), Array)
#2 D:\phpstudy_pro\WWW\qt\bootstrap\cache\compiled.php(1786): Illuminate\Container\Container->make('encrypter', Array)
#3 D:\phpstudy_pro\WWW\qt\bootstrap\cache\compiled.php(1340): Illuminate\Foundation\Application->make('Illuminate\\Cont...')
#4 D:\phpstudy_pro\WWW\qt\bootstrap\cache\compiled.php(1324): Illuminate\Container\Container->resolveClass(Object(ReflectionParameter))
#5 D:\phpstudy_pro\WWW\qt\bootstrap\cache\compiled.php(1310): Illuminate\Container\Container->getDependencies(Array, Array)
#6 D:\phpstudy_pro\WWW\qt\bootstrap\cache\compiled.php(1248): Illuminate\Container\Container->build('App\\Http\\Middle...', Array)
#7 D:\phpstudy_pro\WWW\qt\bootstrap\cache\compiled.php(1786): Illuminate\Container\Container->make('App\\Http\\Middle...', Array)
#8 D:\phpstudy_pro\WWW\qt\bootstrap\cache\compiled.php(2267): Illuminate\Foundation\Application->make('App\\Http\\Middle...')
#9 D:\phpstudy_pro\WWW\qt\public\index.php(63): Illuminate\Foundation\Http\Kernel->terminate(Object(Illuminate\Http\Request), Object(Illuminate\Http\Response))
#10 {main}  
[2019-12-23 11:36:34] production.ERROR: exception 'RuntimeException' with message 'No supported encrypter found. The cipher and / or key length are invalid.' in D:\phpstudy_pro\WWW\qt\bootstrap\cache\compiled.php:7064
Stack trace:
#0 D:\phpstudy_pro\WWW\qt\bootstrap\cache\compiled.php(1295): Illuminate\Encryption\EncryptionServiceProvider->Illuminate\Encryption\{closure}(Object(Illuminate\Foundation\Application), Array)
#1 D:\phpstudy_pro\WWW\qt\bootstrap\cache\compiled.php(1248): Illuminate\Container\Container->build(Object(Closure), Array)
#2 D:\phpstudy_pro\WWW\qt\bootstrap\cache\compiled.php(1786): Illuminate\Container\Container->make('encrypter', Array)
#3 D:\phpstudy_pro\WWW\qt\bootstrap\cache\compiled.php(1340): Illuminate\Foundation\Application->make('Illuminate\\Cont...')
#4 D:\phpstudy_pro\WWW\qt\bootstrap\cache\compiled.php(1324): Illuminate\Container\Container->resolveClass(Object(ReflectionParameter))
#5 D:\phpstudy_pro\WWW\qt\bootstrap\cache\compiled.php(1310): Illuminate\Container\Container->getDependencies(Array, Array)
#6 D:\phpstudy_pro\WWW\qt\bootstrap\cache\compiled.php(1248): Illuminate\Container\Container->build('App\\Http\\Middle...', Array)
#7 D:\phpstudy_pro\WWW\qt\bootstrap\cache\compiled.php(1786): Illuminate\Container\Container->make('App\\Http\\Middle...', Array)
#8 D:\phpstudy_pro\WWW\qt\bootstrap\cache\compiled.php(9621): Illuminate\Foundation\Application->make('App\\Http\\Middle...')
#9 [internal function]: Illuminate\Pipeline\Pipeline->Illuminate\Pipeline\{closure}(Object(Illuminate\Http\Request))
#10 D:\phpstudy_pro\WWW\qt\bootstrap\cache\compiled.php(9611): call_user_func(Object(Closure), Object(Illuminate\Http\Request))
#11 D:\phpstudy_pro\WWW\qt\bootstrap\cache\compiled.php(2260): Illuminate\Pipeline\Pipeline->then(Object(Closure))
#12 D:\phpstudy_pro\WWW\qt\bootstrap\cache\compiled.php(2243): Illuminate\Foundation\Http\Kernel->sendRequestThroughRouter(Object(Illuminate\Http\Request))
#13 D:\phpstudy_pro\WWW\qt\public\index.php(59): Illuminate\Foundation\Http\Kernel->handle(Object(Illuminate\Http\Request))
#14 {main}  
[2019-12-23 11:36:34] production.ERROR: exception 'RuntimeException' with message 'No supported encrypter found. The cipher and / or key length are invalid.' in D:\phpstudy_pro\WWW\qt\bootstrap\cache\compiled.php:7064
Stack trace:
#0 D:\phpstudy_pro\WWW\qt\bootstrap\cache\compiled.php(1295): Illuminate\Encryption\EncryptionServiceProvider->Illuminate\Encryption\{closure}(Object(Illuminate\Foundation\Application), Array)
#1 D:\phpstudy_pro\WWW\qt\bootstrap\cache\compiled.php(1248): Illuminate\Container\Container->build(Object(Closure), Array)
#2 D:\phpstudy_pro\WWW\qt\bootstrap\cache\compiled.php(1786): Illuminate\Container\Container->make('encrypter', Array)
#3 D:\phpstudy_pro\WWW\qt\bootstrap\cache\compiled.php(1340): Illuminate\Foundation\Application->make('Illuminate\\Cont...')
#4 D:\phpstudy_pro\WWW\qt\bootstrap\cache\compiled.php(1324): Illuminate\Container\Container->resolveClass(Object(ReflectionParameter))
#5 D:\phpstudy_pro\WWW\qt\bootstrap\cache\compiled.php(1310): Illuminate\Container\Container->getDependencies(Array, Array)
#6 D:\phpstudy_pro\WWW\qt\bootstrap\cache\compiled.php(1248): Illuminate\Container\Container->build('App\\Http\\Middle...', Array)
#7 D:\phpstudy_pro\WWW\qt\bootstrap\cache\compiled.php(1786): Illuminate\Container\Container->make('App\\Http\\Middle...', Array)
#8 D:\phpstudy_pro\WWW\qt\bootstrap\cache\compiled.php(2267): Illuminate\Foundation\Application->make('App\\Http\\Middle...')
#9 D:\phpstudy_pro\WWW\qt\public\index.php(63): Illuminate\Foundation\Http\Kernel->terminate(Object(Illuminate\Http\Request), Object(Illuminate\Http\Response))
#10 {main}  
